2018-04-24 11:29:58,327 - INFO - D+初始化Indicator-MA数据-['ma10=10', 'ma20=20', 'ma30=30', 'ma60=60']
2018-04-24 11:29:58,328 - INFO - D+初始化Indicator-MACD数据-['short=10', 'long=22', 'm=9']
2018-04-24 11:29:58,328 - INFO - D+初始化Indicator-STD数据-['window=60', 'min_periods=2']
2018-04-24 11:29:58,328 - INFO - D+初始化spec_handler-MACD_HL_MARK数据-[]
2018-04-24 11:29:58,328 - INFO - D+初始化spec_handler-COINCIDE数据-[]
2018-04-24 11:29:58,328 - INFO - D+初始化spec_handler-BuySell数据-['windows=15', 'real_bar_rate=0.6', 'overlap_rate=0.4']
2018-04-24 11:29:58,401 - INFO - D#开启Indicator-MA数据计算更新
2018-04-24 11:29:58,423 - INFO - D↑更新Indicator-MA数据
2018-04-24 11:29:58,424 - INFO - D#开启Indicator-MACD数据计算更新
2018-04-24 11:29:58,433 - INFO - D↑更新Indicator-MACD数据
2018-04-24 11:29:58,433 - INFO - D#开启Indicator-STD数据计算更新
2018-04-24 11:29:58,445 - INFO - D↑更新Indicator-STD数据
2018-04-24 11:29:58,445 - INFO - D#开启spec_handler-MACD_HL_MARK数据计算更新
2018-04-24 11:29:58,555 - INFO - D↑更新spec_handler-MACD_HL_MARK数据
2018-04-24 11:29:58,556 - INFO - D#开启spec_handler-BuySell数据计算更新
2018-04-24 11:29:59,120 - INFO - D↑更新Indicator-MA数据
2018-04-24 11:29:59,139 - INFO - D↑更新Indicator-MACD数据
2018-04-24 11:29:59,167 - INFO - D↑更新Indicator-STD数据
2018-04-24 11:29:59,295 - INFO - D↑更新spec_handler-MACD_HL_MARK数据
2018-04-24 11:30:01,422 - INFO - D↑更新spec_handler-BuySell数据
2018-04-24 11:30:01,422 - INFO - D#开启spec_handler-COINCIDE数据计算更新
2018-04-24 11:30:01,474 - INFO - D↑更新spec_handler-COINCIDE数据
2018-04-24 11:30:59,217 - INFO - D↑更新Indicator-MA数据
2018-04-24 11:30:59,237 - INFO - D↑更新Indicator-MACD数据
2018-04-24 11:30:59,255 - INFO - D↑更新Indicator-STD数据
2018-04-24 11:30:59,366 - INFO - D↑更新spec_handler-MACD_HL_MARK数据
2018-04-24 11:31:02,649 - INFO - D↑更新spec_handler-BuySell数据
2018-04-24 11:31:02,728 - INFO - D↑更新spec_handler-COINCIDE数据
2018-04-24 11:31:59,441 - INFO - D↑更新Indicator-MA数据
2018-04-24 11:31:59,451 - INFO - D↑更新Indicator-MACD数据
2018-04-24 11:31:59,462 - INFO - D↑更新Indicator-STD数据
2018-04-24 11:31:59,551 - INFO - D↑更新spec_handler-MACD_HL_MARK数据
