2018-04-24 11:29:58,147 - INFO - D+初始化请求HSIJ8数据
2018-04-24 11:29:58,173 - INFO - 初始化SERVER信息对接
2018-04-24 11:29:58,173 - INFO - D+初始化HSIJ8数据,请求结束时间：<2018-04-24 11:39:58.140127>前至600条1min bar
2018-04-24 11:29:58,327 - INFO - D+初始化HSIJ8数据完成.2018-04-23 17:15:00-->2018-04-24 11:28:00
2018-04-24 11:29:58,328 - INFO - D+初始化HSENG$.APR8交易数据
2018-04-24 11:29:58,338 - INFO - D+初始化请求HSIJ8当前min-TICKER数据
2018-04-24 11:29:58,368 - INFO - P+初始化192.168.2.226:6868订阅端口
2018-04-24 11:29:58,371 - INFO - 开始订阅HSIJ8-TICKER数据
2018-04-24 11:29:58,371 - INFO - D↑开始更新HSIJ8-TICKER数据
2018-04-24 11:29:58,399 - INFO - P+初始化192.168.2.226:6869订阅端口
2018-04-24 11:29:58,400 - INFO - 开始订阅HSIJ8-PRICE数据
2018-04-24 11:29:58,400 - INFO - D↑开始更新HSIJ8-PRICE数据
2018-04-24 11:29:58,424 - INFO - D+加入Indicator-MA
2018-04-24 11:29:58,433 - INFO - D+加入Indicator-MACD
2018-04-24 11:29:58,445 - INFO - D+加入Indicator-STD
2018-04-24 11:29:58,556 - INFO - D+加入spec_handler-MACD_HL_MARK
2018-04-24 11:30:01,422 - INFO - D+加入spec_handler-BuySell
2018-04-24 11:30:01,474 - INFO - D+加入spec_handler-COINCIDE
2018-04-24 11:30:01,474 - INFO - D#开启HSENG$.APR8交易数据更新
2018-04-24 11:30:01,523 - INFO - D↑更新HSENG$.APR8交易数据,<2018-04-23 09:16:00>-<2018-04-24 03:30:00>
2018-04-24 11:30:01,523 - INFO - D+加入Mark-Trade_Data
2018-04-24 11:30:01,523 - INFO - 初始化OHLC数据完成
2018-04-24 11:30:02,918 - INFO - 开启SERVER信息对接
2018-04-24 11:31:02,813 - INFO - D↑更新HSENG$.APR8交易数据,<2018-04-23 09:17:00>-<2018-04-24 03:31:00>
