2018-04-24 11:29:58,140 - INFO - 初始化app
2018-04-24 11:30:02,520 - INFO - 绑定数据到图表
2018-04-24 11:30:02,529 - INFO - 初始化main画布
2018-04-24 11:30:02,538 - INFO - 初始化indicator1画布
2018-04-24 11:30:02,548 - INFO - 初始化indicator2画布
2018-04-24 11:30:02,557 - INFO - 初始化indicator3画布
2018-04-24 11:30:02,567 - INFO - 初始化date_slicer画布
2018-04-24 11:30:02,568 - INFO - 加入OHLC图表
2018-04-24 11:30:02,568 - INFO - 加入MA图表
2018-04-24 11:30:02,568 - INFO - 加入MACD图表
2018-04-24 11:30:02,569 - INFO - 加入MACD_HL_MARK图表
2018-04-24 11:30:02,569 - INFO - 加入STD图表
2018-04-24 11:30:02,569 - INFO - 加入Trade_Data图表
2018-04-24 11:30:02,569 - INFO - 加入COINCIDE图表
2018-04-24 11:30:02,569 - INFO - 加入Slicer图表
2018-04-24 11:30:02,569 - INFO - 加入BuySell图表
2018-04-24 11:30:02,575 - INFO - G+初始化OHLC图表至main
2018-04-24 11:30:02,579 - INFO - G+初始化OHLC图表至indicator3
2018-04-24 11:30:02,587 - INFO - G+初始化MA图表至main
2018-04-24 11:30:02,593 - INFO - G+初始化MA图表至indicator3
2018-04-24 11:30:02,817 - INFO - G+初始化MACD图表至indicator1
2018-04-24 11:30:02,817 - INFO - G+初始化MACD_HL_MARK图表至main
2018-04-24 11:30:02,871 - INFO - G+初始化STD图表至indicator2
2018-04-24 11:30:02,877 - INFO - G+初始化Trade_Data图表至main
2018-04-24 11:30:02,883 - INFO - G+初始化Trade_Data图表至indicator3
2018-04-24 11:30:02,884 - INFO - G+初始化COINCIDE图表至main
2018-04-24 11:30:02,887 - INFO - G+初始化Slicer图表至date_slicer
2018-04-24 11:30:02,889 - INFO - G+初始化BuySell图表至date_slicer
2018-04-24 11:30:02,889 - INFO - 初始化mouseaction交互行为
2018-04-24 11:30:02,913 - INFO - 初始化交互信号绑定
2018-04-24 11:30:03,024 - INFO - 初始化图表完成
2018-04-24 11:30:03,024 - INFO - G↑更新图表......
2018-04-24 11:30:03,046 - INFO - G↑更新OHLC图表至main
2018-04-24 11:30:03,069 - INFO - G↑更新OHLC图表至indicator3
2018-04-24 11:30:03,075 - INFO - G↑更新MA图表至main
2018-04-24 11:30:03,082 - INFO - G↑更新MA图表至indicator3
2018-04-24 11:30:03,223 - INFO - G↑更新MACD图表至indicator1
2018-04-24 11:30:03,279 - INFO - G↑更新MACD_HL_MARK图表至main
2018-04-24 11:30:03,287 - INFO - G↑更新STD图表至indicator2
2018-04-24 11:30:03,297 - INFO - G↑更新Trade_Data图表至main
2018-04-24 11:30:03,307 - INFO - G↑更新Trade_Data图表至indicator3
2018-04-24 11:30:03,319 - INFO - G↑更新COINCIDE图表至main
2018-04-24 11:30:03,326 - INFO - G↑更新Slicer图表至date_slicer
2018-04-24 11:30:03,346 - INFO - G↑更新BuySell图表至date_slicer
2018-04-24 11:30:03,363 - INFO - 标记时间分割线interline
2018-04-24 11:30:03,463 - INFO - G↑更新图表完成......
2018-04-24 11:30:03,483 - INFO - 初始化登录界面
2018-04-24 11:30:54,912 - DEBUG - set_info_text设置信息错误->main
2018-04-24 11:30:54,915 - DEBUG - set_info_text设置信息错误->indicator3
2018-04-24 11:30:54,915 - DEBUG - set_info_text设置信息错误->main
2018-04-24 11:30:54,915 - DEBUG - set_info_text设置信息错误->indicator3
2018-04-24 11:30:54,915 - DEBUG - set_info_text设置信息错误->indicator1
2018-04-24 11:30:54,915 - DEBUG - set_info_text设置信息错误->indicator2
2018-04-24 11:30:54,922 - DEBUG - set_info_text设置信息错误->main
2018-04-24 11:30:54,924 - DEBUG - set_info_text设置信息错误->indicator3
2018-04-24 11:30:54,924 - DEBUG - set_info_text设置信息错误->main
2018-04-24 11:30:54,925 - DEBUG - set_info_text设置信息错误->indicator3
2018-04-24 11:30:54,925 - DEBUG - set_info_text设置信息错误->indicator1
2018-04-24 11:30:54,925 - DEBUG - set_info_text设置信息错误->indicator2
2018-04-24 11:30:54,931 - DEBUG - set_info_text设置信息错误->main
2018-04-24 11:30:54,934 - DEBUG - set_info_text设置信息错误->indicator3
2018-04-24 11:30:54,934 - DEBUG - set_info_text设置信息错误->main
2018-04-24 11:30:54,934 - DEBUG - set_info_text设置信息错误->indicator3
2018-04-24 11:30:54,934 - DEBUG - set_info_text设置信息错误->indicator1
2018-04-24 11:30:54,935 - DEBUG - set_info_text设置信息错误->indicator2
2018-04-24 11:30:54,941 - DEBUG - set_info_text设置信息错误->main
2018-04-24 11:30:54,943 - DEBUG - set_info_text设置信息错误->indicator3
2018-04-24 11:30:54,943 - DEBUG - set_info_text设置信息错误->main
2018-04-24 11:30:54,944 - DEBUG - set_info_text设置信息错误->indicator3
2018-04-24 11:30:54,944 - DEBUG - set_info_text设置信息错误->indicator1
2018-04-24 11:30:54,944 - DEBUG - set_info_text设置信息错误->indicator2
2018-04-24 11:30:54,973 - DEBUG - set_info_text设置信息错误->main
2018-04-24 11:30:54,976 - DEBUG - set_info_text设置信息错误->indicator3
2018-04-24 11:30:54,976 - DEBUG - set_info_text设置信息错误->main
2018-04-24 11:30:54,976 - DEBUG - set_info_text设置信息错误->indicator3
2018-04-24 11:30:54,976 - DEBUG - set_info_text设置信息错误->indicator1
2018-04-24 11:30:54,976 - DEBUG - set_info_text设置信息错误->indicator2
2018-04-24 11:30:54,981 - DEBUG - set_info_text设置信息错误->main
2018-04-24 11:30:54,984 - DEBUG - set_info_text设置信息错误->indicator3
2018-04-24 11:30:54,984 - DEBUG - set_info_text设置信息错误->main
2018-04-24 11:30:54,985 - DEBUG - set_info_text设置信息错误->indicator3
2018-04-24 11:30:54,985 - DEBUG - set_info_text设置信息错误->indicator1
2018-04-24 11:30:54,985 - DEBUG - set_info_text设置信息错误->indicator2
2018-04-24 11:30:54,992 - DEBUG - set_info_text设置信息错误->main
2018-04-24 11:30:54,994 - DEBUG - set_info_text设置信息错误->indicator3
2018-04-24 11:30:54,995 - DEBUG - set_info_text设置信息错误->main
2018-04-24 11:30:54,995 - DEBUG - set_info_text设置信息错误->indicator3
2018-04-24 11:30:54,995 - DEBUG - set_info_text设置信息错误->indicator1
2018-04-24 11:30:54,995 - DEBUG - set_info_text设置信息错误->indicator2
2018-04-24 11:30:55,001 - DEBUG - set_info_text设置信息错误->main
2018-04-24 11:30:55,004 - DEBUG - set_info_text设置信息错误->indicator3
2018-04-24 11:30:55,005 - DEBUG - set_info_text设置信息错误->main
2018-04-24 11:30:55,005 - DEBUG - set_info_text设置信息错误->indicator3
2018-04-24 11:30:55,005 - DEBUG - set_info_text设置信息错误->indicator1
2018-04-24 11:30:55,005 - DEBUG - set_info_text设置信息错误->indicator2
2018-04-24 11:30:55,037 - DEBUG - set_info_text设置信息错误->main
2018-04-24 11:30:55,040 - DEBUG - set_info_text设置信息错误->indicator3
2018-04-24 11:30:55,040 - DEBUG - set_info_text设置信息错误->main
2018-04-24 11:30:55,040 - DEBUG - set_info_text设置信息错误->indicator3
2018-04-24 11:30:55,040 - DEBUG - set_info_text设置信息错误->indicator1
2018-04-24 11:30:55,040 - DEBUG - set_info_text设置信息错误->indicator2
2018-04-24 11:30:55,046 - DEBUG - set_info_text设置信息错误->main
2018-04-24 11:30:55,049 - DEBUG - set_info_text设置信息错误->indicator3
2018-04-24 11:30:55,050 - DEBUG - set_info_text设置信息错误->main
2018-04-24 11:30:55,050 - DEBUG - set_info_text设置信息错误->indicator3
2018-04-24 11:30:55,050 - DEBUG - set_info_text设置信息错误->indicator1
2018-04-24 11:30:55,050 - DEBUG - set_info_text设置信息错误->indicator2
2018-04-24 11:30:55,057 - DEBUG - set_info_text设置信息错误->main
2018-04-24 11:30:55,060 - DEBUG - set_info_text设置信息错误->indicator3
2018-04-24 11:30:55,060 - DEBUG - set_info_text设置信息错误->main
2018-04-24 11:30:55,060 - DEBUG - set_info_text设置信息错误->indicator3
2018-04-24 11:30:55,060 - DEBUG - set_info_text设置信息错误->indicator1
2018-04-24 11:30:55,060 - DEBUG - set_info_text设置信息错误->indicator2
2018-04-24 11:30:55,067 - DEBUG - set_info_text设置信息错误->main
2018-04-24 11:30:55,070 - DEBUG - set_info_text设置信息错误->indicator3
2018-04-24 11:30:55,070 - DEBUG - set_info_text设置信息错误->main
2018-04-24 11:30:55,070 - DEBUG - set_info_text设置信息错误->indicator3
2018-04-24 11:30:55,071 - DEBUG - set_info_text设置信息错误->indicator1
2018-04-24 11:30:55,071 - DEBUG - set_info_text设置信息错误->indicator2
2018-04-24 11:31:02,831 - INFO - G↑更新图表......
2018-04-24 11:31:02,871 - INFO - G↑更新OHLC图表至main
2018-04-24 11:31:02,906 - INFO - G↑更新OHLC图表至indicator3
2018-04-24 11:31:02,914 - INFO - G↑更新MA图表至main
2018-04-24 11:31:02,918 - INFO - G↑更新MA图表至indicator3
2018-04-24 11:31:03,035 - INFO - G↑更新MACD图表至indicator1
2018-04-24 11:31:03,090 - INFO - G↑更新MACD_HL_MARK图表至main
2018-04-24 11:31:03,098 - INFO - G↑更新STD图表至indicator2
2018-04-24 11:31:03,107 - INFO - G↑更新Trade_Data图表至main
2018-04-24 11:31:03,114 - INFO - G↑更新Trade_Data图表至indicator3
2018-04-24 11:31:03,123 - INFO - G↑更新COINCIDE图表至main
2018-04-24 11:31:03,130 - INFO - G↑更新Slicer图表至date_slicer
2018-04-24 11:31:03,150 - INFO - G↑更新BuySell图表至date_slicer
2018-04-24 11:31:03,166 - INFO - 标记时间分割线interline
2018-04-24 11:31:03,252 - INFO - G↑更新图表完成......
2018-04-24 11:31:36,859 - DEBUG - set_info_text设置信息错误->main
2018-04-24 11:31:36,861 - DEBUG - set_info_text设置信息错误->indicator3
2018-04-24 11:31:36,862 - DEBUG - set_info_text设置信息错误->main
2018-04-24 11:31:36,862 - DEBUG - set_info_text设置信息错误->indicator3
2018-04-24 11:31:36,862 - DEBUG - set_info_text设置信息错误->indicator1
2018-04-24 11:31:36,862 - DEBUG - set_info_text设置信息错误->indicator2
2018-04-24 11:31:36,868 - DEBUG - set_info_text设置信息错误->main
2018-04-24 11:31:36,871 - DEBUG - set_info_text设置信息错误->indicator3
2018-04-24 11:31:36,871 - DEBUG - set_info_text设置信息错误->main
2018-04-24 11:31:36,871 - DEBUG - set_info_text设置信息错误->indicator3
2018-04-24 11:31:36,871 - DEBUG - set_info_text设置信息错误->indicator1
2018-04-24 11:31:36,871 - DEBUG - set_info_text设置信息错误->indicator2
2018-04-24 11:31:36,877 - DEBUG - set_info_text设置信息错误->main
2018-04-24 11:31:36,881 - DEBUG - set_info_text设置信息错误->indicator3
2018-04-24 11:31:36,881 - DEBUG - set_info_text设置信息错误->main
2018-04-24 11:31:36,881 - DEBUG - set_info_text设置信息错误->indicator3
2018-04-24 11:31:36,882 - DEBUG - set_info_text设置信息错误->indicator1
2018-04-24 11:31:36,882 - DEBUG - set_info_text设置信息错误->indicator2
2018-04-24 11:31:36,888 - DEBUG - set_info_text设置信息错误->main
2018-04-24 11:31:36,891 - DEBUG - set_info_text设置信息错误->indicator3
2018-04-24 11:31:36,891 - DEBUG - set_info_text设置信息错误->main
2018-04-24 11:31:36,892 - DEBUG - set_info_text设置信息错误->indicator3
2018-04-24 11:31:36,892 - DEBUG - set_info_text设置信息错误->indicator1
2018-04-24 11:31:36,892 - DEBUG - set_info_text设置信息错误->indicator2
2018-04-24 11:31:36,921 - DEBUG - set_info_text设置信息错误->main
2018-04-24 11:31:36,924 - DEBUG - set_info_text设置信息错误->indicator3
2018-04-24 11:31:36,924 - DEBUG - set_info_text设置信息错误->main
2018-04-24 11:31:36,924 - DEBUG - set_info_text设置信息错误->indicator3
2018-04-24 11:31:36,924 - DEBUG - set_info_text设置信息错误->indicator1
2018-04-24 11:31:36,924 - DEBUG - set_info_text设置信息错误->indicator2
2018-04-24 11:31:36,931 - DEBUG - set_info_text设置信息错误->main
2018-04-24 11:31:36,934 - DEBUG - set_info_text设置信息错误->indicator3
2018-04-24 11:31:36,935 - DEBUG - set_info_text设置信息错误->main
2018-04-24 11:31:36,935 - DEBUG - set_info_text设置信息错误->indicator3
2018-04-24 11:31:36,935 - DEBUG - set_info_text设置信息错误->indicator1
2018-04-24 11:31:36,935 - DEBUG - set_info_text设置信息错误->indicator2
2018-04-24 11:31:36,941 - DEBUG - set_info_text设置信息错误->main
2018-04-24 11:31:36,944 - DEBUG - set_info_text设置信息错误->indicator3
2018-04-24 11:31:36,944 - DEBUG - set_info_text设置信息错误->main
2018-04-24 11:31:36,944 - DEBUG - set_info_text设置信息错误->indicator3
2018-04-24 11:31:36,944 - DEBUG - set_info_text设置信息错误->indicator1
2018-04-24 11:31:36,944 - DEBUG - set_info_text设置信息错误->indicator2
2018-04-24 11:31:36,951 - DEBUG - set_info_text设置信息错误->main
2018-04-24 11:31:36,954 - DEBUG - set_info_text设置信息错误->indicator3
2018-04-24 11:31:36,954 - DEBUG - set_info_text设置信息错误->main
2018-04-24 11:31:36,954 - DEBUG - set_info_text设置信息错误->indicator3
2018-04-24 11:31:36,954 - DEBUG - set_info_text设置信息错误->indicator1
2018-04-24 11:31:36,954 - DEBUG - set_info_text设置信息错误->indicator2
2018-04-24 11:31:36,983 - DEBUG - set_info_text设置信息错误->main
2018-04-24 11:31:36,986 - DEBUG - set_info_text设置信息错误->indicator3
2018-04-24 11:31:36,987 - DEBUG - set_info_text设置信息错误->main
2018-04-24 11:31:36,987 - DEBUG - set_info_text设置信息错误->indicator3
2018-04-24 11:31:36,987 - DEBUG - set_info_text设置信息错误->indicator1
2018-04-24 11:31:36,987 - DEBUG - set_info_text设置信息错误->indicator2
2018-04-24 11:31:36,994 - DEBUG - set_info_text设置信息错误->main
2018-04-24 11:31:36,997 - DEBUG - set_info_text设置信息错误->indicator3
2018-04-24 11:31:36,997 - DEBUG - set_info_text设置信息错误->main
2018-04-24 11:31:36,997 - DEBUG - set_info_text设置信息错误->indicator3
2018-04-24 11:31:36,997 - DEBUG - set_info_text设置信息错误->indicator1
2018-04-24 11:31:36,997 - DEBUG - set_info_text设置信息错误->indicator2
2018-04-24 11:31:37,003 - DEBUG - set_info_text设置信息错误->main
2018-04-24 11:31:37,006 - DEBUG - set_info_text设置信息错误->indicator3
2018-04-24 11:31:37,006 - DEBUG - set_info_text设置信息错误->main
2018-04-24 11:31:37,006 - DEBUG - set_info_text设置信息错误->indicator3
2018-04-24 11:31:37,006 - DEBUG - set_info_text设置信息错误->indicator1
2018-04-24 11:31:37,006 - DEBUG - set_info_text设置信息错误->indicator2
2018-04-24 11:31:37,013 - DEBUG - set_info_text设置信息错误->main
2018-04-24 11:31:37,017 - DEBUG - set_info_text设置信息错误->indicator3
2018-04-24 11:31:37,017 - DEBUG - set_info_text设置信息错误->main
2018-04-24 11:31:37,017 - DEBUG - set_info_text设置信息错误->indicator3
2018-04-24 11:31:37,017 - DEBUG - set_info_text设置信息错误->indicator1
2018-04-24 11:31:37,017 - DEBUG - set_info_text设置信息错误->indicator2
2018-04-24 11:31:37,074 - DEBUG - set_info_text设置信息错误->main
2018-04-24 11:31:37,077 - DEBUG - set_info_text设置信息错误->indicator3
2018-04-24 11:31:37,077 - DEBUG - set_info_text设置信息错误->main
2018-04-24 11:31:37,077 - DEBUG - set_info_text设置信息错误->indicator3
2018-04-24 11:31:37,077 - DEBUG - set_info_text设置信息错误->indicator1
2018-04-24 11:31:37,078 - DEBUG - set_info_text设置信息错误->indicator2
2018-04-24 11:31:37,085 - DEBUG - set_info_text设置信息错误->main
2018-04-24 11:31:37,088 - DEBUG - set_info_text设置信息错误->indicator3
2018-04-24 11:31:37,088 - DEBUG - set_info_text设置信息错误->main
2018-04-24 11:31:37,088 - DEBUG - set_info_text设置信息错误->indicator3
2018-04-24 11:31:37,088 - DEBUG - set_info_text设置信息错误->indicator1
2018-04-24 11:31:37,088 - DEBUG - set_info_text设置信息错误->indicator2
2018-04-24 11:31:37,095 - DEBUG - set_info_text设置信息错误->main
2018-04-24 11:31:37,097 - DEBUG - set_info_text设置信息错误->indicator3
2018-04-24 11:31:37,097 - DEBUG - set_info_text设置信息错误->main
2018-04-24 11:31:37,097 - DEBUG - set_info_text设置信息错误->indicator3
2018-04-24 11:31:37,098 - DEBUG - set_info_text设置信息错误->indicator1
2018-04-24 11:31:37,098 - DEBUG - set_info_text设置信息错误->indicator2
2018-04-24 11:31:37,104 - DEBUG - set_info_text设置信息错误->main
2018-04-24 11:31:37,107 - DEBUG - set_info_text设置信息错误->indicator3
2018-04-24 11:31:37,107 - DEBUG - set_info_text设置信息错误->main
2018-04-24 11:31:37,107 - DEBUG - set_info_text设置信息错误->indicator3
2018-04-24 11:31:37,107 - DEBUG - set_info_text设置信息错误->indicator1
2018-04-24 11:31:37,107 - DEBUG - set_info_text设置信息错误->indicator2
2018-04-24 11:31:37,138 - DEBUG - set_info_text设置信息错误->main
2018-04-24 11:31:37,140 - DEBUG - set_info_text设置信息错误->indicator3
2018-04-24 11:31:37,141 - DEBUG - set_info_text设置信息错误->main
2018-04-24 11:31:37,141 - DEBUG - set_info_text设置信息错误->indicator3
2018-04-24 11:31:37,141 - DEBUG - set_info_text设置信息错误->indicator1
2018-04-24 11:31:37,141 - DEBUG - set_info_text设置信息错误->indicator2
2018-04-24 11:31:37,147 - DEBUG - set_info_text设置信息错误->main
2018-04-24 11:31:37,150 - DEBUG - set_info_text设置信息错误->indicator3
2018-04-24 11:31:37,150 - DEBUG - set_info_text设置信息错误->main
2018-04-24 11:31:37,150 - DEBUG - set_info_text设置信息错误->indicator3
2018-04-24 11:31:37,150 - DEBUG - set_info_text设置信息错误->indicator1
2018-04-24 11:31:37,150 - DEBUG - set_info_text设置信息错误->indicator2
2018-04-24 11:31:37,156 - DEBUG - set_info_text设置信息错误->main
2018-04-24 11:31:37,159 - DEBUG - set_info_text设置信息错误->indicator3
2018-04-24 11:31:37,159 - DEBUG - set_info_text设置信息错误->main
2018-04-24 11:31:37,159 - DEBUG - set_info_text设置信息错误->indicator3
2018-04-24 11:31:37,159 - DEBUG - set_info_text设置信息错误->indicator1
2018-04-24 11:31:37,159 - DEBUG - set_info_text设置信息错误->indicator2
2018-04-24 11:31:37,165 - DEBUG - set_info_text设置信息错误->main
2018-04-24 11:31:37,168 - DEBUG - set_info_text设置信息错误->indicator3
2018-04-24 11:31:37,168 - DEBUG - set_info_text设置信息错误->main
2018-04-24 11:31:37,168 - DEBUG - set_info_text设置信息错误->indicator3
2018-04-24 11:31:37,169 - DEBUG - set_info_text设置信息错误->indicator1
2018-04-24 11:31:37,169 - DEBUG - set_info_text设置信息错误->indicator2
2018-04-24 11:31:37,197 - DEBUG - set_info_text设置信息错误->main
2018-04-24 11:31:37,200 - DEBUG - set_info_text设置信息错误->indicator3
2018-04-24 11:31:37,200 - DEBUG - set_info_text设置信息错误->main
2018-04-24 11:31:37,200 - DEBUG - set_info_text设置信息错误->indicator3
2018-04-24 11:31:37,201 - DEBUG - set_info_text设置信息错误->indicator1
2018-04-24 11:31:37,201 - DEBUG - set_info_text设置信息错误->indicator2
2018-04-24 11:31:37,207 - DEBUG - set_info_text设置信息错误->main
2018-04-24 11:31:37,210 - DEBUG - set_info_text设置信息错误->indicator3
2018-04-24 11:31:37,210 - DEBUG - set_info_text设置信息错误->main
2018-04-24 11:31:37,210 - DEBUG - set_info_text设置信息错误->indicator3
2018-04-24 11:31:37,210 - DEBUG - set_info_text设置信息错误->indicator1
2018-04-24 11:31:37,210 - DEBUG - set_info_text设置信息错误->indicator2
2018-04-24 11:31:37,216 - DEBUG - set_info_text设置信息错误->main
2018-04-24 11:31:37,219 - DEBUG - set_info_text设置信息错误->indicator3
2018-04-24 11:31:37,220 - DEBUG - set_info_text设置信息错误->main
2018-04-24 11:31:37,220 - DEBUG - set_info_text设置信息错误->indicator3
2018-04-24 11:31:37,220 - DEBUG - set_info_text设置信息错误->indicator1
2018-04-24 11:31:37,220 - DEBUG - set_info_text设置信息错误->indicator2
2018-04-24 11:31:37,226 - DEBUG - set_info_text设置信息错误->main
2018-04-24 11:31:37,229 - DEBUG - set_info_text设置信息错误->indicator3
2018-04-24 11:31:37,229 - DEBUG - set_info_text设置信息错误->main
2018-04-24 11:31:37,229 - DEBUG - set_info_text设置信息错误->indicator3
2018-04-24 11:31:37,229 - DEBUG - set_info_text设置信息错误->indicator1
2018-04-24 11:31:37,229 - DEBUG - set_info_text设置信息错误->indicator2
2018-04-24 11:31:37,260 - DEBUG - set_info_text设置信息错误->main
2018-04-24 11:31:37,263 - DEBUG - set_info_text设置信息错误->indicator3
2018-04-24 11:31:37,263 - DEBUG - set_info_text设置信息错误->main
2018-04-24 11:31:37,263 - DEBUG - set_info_text设置信息错误->indicator3
2018-04-24 11:31:37,263 - DEBUG - set_info_text设置信息错误->indicator1
2018-04-24 11:31:37,264 - DEBUG - set_info_text设置信息错误->indicator2
2018-04-24 11:31:37,270 - DEBUG - set_info_text设置信息错误->main
2018-04-24 11:31:37,273 - DEBUG - set_info_text设置信息错误->indicator3
2018-04-24 11:31:37,273 - DEBUG - set_info_text设置信息错误->main
2018-04-24 11:31:37,273 - DEBUG - set_info_text设置信息错误->indicator3
2018-04-24 11:31:37,273 - DEBUG - set_info_text设置信息错误->indicator1
2018-04-24 11:31:37,274 - DEBUG - set_info_text设置信息错误->indicator2
2018-04-24 11:31:37,279 - DEBUG - set_info_text设置信息错误->main
2018-04-24 11:31:37,282 - DEBUG - set_info_text设置信息错误->indicator3
2018-04-24 11:31:37,282 - DEBUG - set_info_text设置信息错误->main
2018-04-24 11:31:37,282 - DEBUG - set_info_text设置信息错误->indicator3
2018-04-24 11:31:37,282 - DEBUG - set_info_text设置信息错误->indicator1
2018-04-24 11:31:37,282 - DEBUG - set_info_text设置信息错误->indicator2
2018-04-24 11:31:37,288 - DEBUG - set_info_text设置信息错误->main
2018-04-24 11:31:37,291 - DEBUG - set_info_text设置信息错误->indicator3
2018-04-24 11:31:37,291 - DEBUG - set_info_text设置信息错误->main
2018-04-24 11:31:37,291 - DEBUG - set_info_text设置信息错误->indicator3
2018-04-24 11:31:37,291 - DEBUG - set_info_text设置信息错误->indicator1
2018-04-24 11:31:37,292 - DEBUG - set_info_text设置信息错误->indicator2
2018-04-24 11:31:37,324 - DEBUG - set_info_text设置信息错误->main
2018-04-24 11:31:37,326 - DEBUG - set_info_text设置信息错误->indicator3
2018-04-24 11:31:37,327 - DEBUG - set_info_text设置信息错误->main
2018-04-24 11:31:37,327 - DEBUG - set_info_text设置信息错误->indicator3
2018-04-24 11:31:37,327 - DEBUG - set_info_text设置信息错误->indicator1
2018-04-24 11:31:37,327 - DEBUG - set_info_text设置信息错误->indicator2
2018-04-24 11:31:37,332 - DEBUG - set_info_text设置信息错误->main
2018-04-24 11:31:37,335 - DEBUG - set_info_text设置信息错误->indicator3
2018-04-24 11:31:37,335 - DEBUG - set_info_text设置信息错误->main
2018-04-24 11:31:37,335 - DEBUG - set_info_text设置信息错误->indicator3
2018-04-24 11:31:37,336 - DEBUG - set_info_text设置信息错误->indicator1
2018-04-24 11:31:37,336 - DEBUG - set_info_text设置信息错误->indicator2
2018-04-24 11:31:37,342 - DEBUG - set_info_text设置信息错误->main
2018-04-24 11:31:37,345 - DEBUG - set_info_text设置信息错误->indicator3
2018-04-24 11:31:37,345 - DEBUG - set_info_text设置信息错误->main
2018-04-24 11:31:37,345 - DEBUG - set_info_text设置信息错误->indicator3
2018-04-24 11:31:37,345 - DEBUG - set_info_text设置信息错误->indicator1
2018-04-24 11:31:37,345 - DEBUG - set_info_text设置信息错误->indicator2
2018-04-24 11:31:37,351 - DEBUG - set_info_text设置信息错误->main
2018-04-24 11:31:37,354 - DEBUG - set_info_text设置信息错误->indicator3
2018-04-24 11:31:37,354 - DEBUG - set_info_text设置信息错误->main
2018-04-24 11:31:37,354 - DEBUG - set_info_text设置信息错误->indicator3
2018-04-24 11:31:37,354 - DEBUG - set_info_text设置信息错误->indicator1
2018-04-24 11:31:37,354 - DEBUG - set_info_text设置信息错误->indicator2
2018-04-24 11:31:57,971 - DEBUG - set_info_text设置信息错误->main
2018-04-24 11:31:57,974 - DEBUG - set_info_text设置信息错误->indicator3
2018-04-24 11:31:57,974 - DEBUG - set_info_text设置信息错误->main
2018-04-24 11:31:57,974 - DEBUG - set_info_text设置信息错误->indicator3
2018-04-24 11:31:57,975 - DEBUG - set_info_text设置信息错误->indicator1
2018-04-24 11:31:57,975 - DEBUG - set_info_text设置信息错误->indicator2
2018-04-24 11:31:57,980 - DEBUG - set_info_text设置信息错误->main
2018-04-24 11:31:57,983 - DEBUG - set_info_text设置信息错误->indicator3
2018-04-24 11:31:57,983 - DEBUG - set_info_text设置信息错误->main
2018-04-24 11:31:57,983 - DEBUG - set_info_text设置信息错误->indicator3
2018-04-24 11:31:57,983 - DEBUG - set_info_text设置信息错误->indicator1
2018-04-24 11:31:57,983 - DEBUG - set_info_text设置信息错误->indicator2
2018-04-24 11:31:57,989 - DEBUG - set_info_text设置信息错误->main
2018-04-24 11:31:57,992 - DEBUG - set_info_text设置信息错误->indicator3
2018-04-24 11:31:57,992 - DEBUG - set_info_text设置信息错误->main
2018-04-24 11:31:57,992 - DEBUG - set_info_text设置信息错误->indicator3
2018-04-24 11:31:57,993 - DEBUG - set_info_text设置信息错误->indicator1
2018-04-24 11:31:57,993 - DEBUG - set_info_text设置信息错误->indicator2
2018-04-24 11:31:57,998 - DEBUG - set_info_text设置信息错误->main
2018-04-24 11:31:58,001 - DEBUG - set_info_text设置信息错误->indicator3
2018-04-24 11:31:58,001 - DEBUG - set_info_text设置信息错误->main
2018-04-24 11:31:58,001 - DEBUG - set_info_text设置信息错误->indicator3
2018-04-24 11:31:58,001 - DEBUG - set_info_text设置信息错误->indicator1
2018-04-24 11:31:58,001 - DEBUG - set_info_text设置信息错误->indicator2
2018-04-24 11:31:58,031 - DEBUG - set_info_text设置信息错误->main
2018-04-24 11:31:58,034 - DEBUG - set_info_text设置信息错误->indicator3
2018-04-24 11:31:58,034 - DEBUG - set_info_text设置信息错误->main
2018-04-24 11:31:58,034 - DEBUG - set_info_text设置信息错误->indicator3
2018-04-24 11:31:58,035 - DEBUG - set_info_text设置信息错误->indicator1
2018-04-24 11:31:58,035 - DEBUG - set_info_text设置信息错误->indicator2
2018-04-24 11:31:58,040 - DEBUG - set_info_text设置信息错误->main
2018-04-24 11:31:58,043 - DEBUG - set_info_text设置信息错误->indicator3
2018-04-24 11:31:58,043 - DEBUG - set_info_text设置信息错误->main
2018-04-24 11:31:58,043 - DEBUG - set_info_text设置信息错误->indicator3
2018-04-24 11:31:58,043 - DEBUG - set_info_text设置信息错误->indicator1
2018-04-24 11:31:58,043 - DEBUG - set_info_text设置信息错误->indicator2
2018-04-24 11:31:58,049 - DEBUG - set_info_text设置信息错误->main
2018-04-24 11:31:58,052 - DEBUG - set_info_text设置信息错误->indicator3
2018-04-24 11:31:58,052 - DEBUG - set_info_text设置信息错误->main
2018-04-24 11:31:58,052 - DEBUG - set_info_text设置信息错误->indicator3
2018-04-24 11:31:58,052 - DEBUG - set_info_text设置信息错误->indicator1
2018-04-24 11:31:58,053 - DEBUG - set_info_text设置信息错误->indicator2
2018-04-24 11:31:58,059 - DEBUG - set_info_text设置信息错误->main
2018-04-24 11:31:58,062 - DEBUG - set_info_text设置信息错误->indicator3
2018-04-24 11:31:58,062 - DEBUG - set_info_text设置信息错误->main
2018-04-24 11:31:58,062 - DEBUG - set_info_text设置信息错误->indicator3
2018-04-24 11:31:58,062 - DEBUG - set_info_text设置信息错误->indicator1
2018-04-24 11:31:58,062 - DEBUG - set_info_text设置信息错误->indicator2
2018-04-24 11:31:58,091 - DEBUG - set_info_text设置信息错误->main
2018-04-24 11:31:58,094 - DEBUG - set_info_text设置信息错误->indicator3
2018-04-24 11:31:58,094 - DEBUG - set_info_text设置信息错误->main
2018-04-24 11:31:58,094 - DEBUG - set_info_text设置信息错误->indicator3
2018-04-24 11:31:58,094 - DEBUG - set_info_text设置信息错误->indicator1
2018-04-24 11:31:58,095 - DEBUG - set_info_text设置信息错误->indicator2
2018-04-24 11:31:58,100 - DEBUG - set_info_text设置信息错误->main
2018-04-24 11:31:58,103 - DEBUG - set_info_text设置信息错误->indicator3
2018-04-24 11:31:58,103 - DEBUG - set_info_text设置信息错误->main
2018-04-24 11:31:58,103 - DEBUG - set_info_text设置信息错误->indicator3
2018-04-24 11:31:58,104 - DEBUG - set_info_text设置信息错误->indicator1
2018-04-24 11:31:58,104 - DEBUG - set_info_text设置信息错误->indicator2
2018-04-24 11:31:58,109 - DEBUG - set_info_text设置信息错误->main
2018-04-24 11:31:58,112 - DEBUG - set_info_text设置信息错误->indicator3
2018-04-24 11:31:58,112 - DEBUG - set_info_text设置信息错误->main
2018-04-24 11:31:58,112 - DEBUG - set_info_text设置信息错误->indicator3
2018-04-24 11:31:58,112 - DEBUG - set_info_text设置信息错误->indicator1
2018-04-24 11:31:58,112 - DEBUG - set_info_text设置信息错误->indicator2
2018-04-24 11:31:58,118 - DEBUG - set_info_text设置信息错误->main
2018-04-24 11:31:58,121 - DEBUG - set_info_text设置信息错误->indicator3
2018-04-24 11:31:58,121 - DEBUG - set_info_text设置信息错误->main
2018-04-24 11:31:58,121 - DEBUG - set_info_text设置信息错误->indicator3
2018-04-24 11:31:58,122 - DEBUG - set_info_text设置信息错误->indicator1
2018-04-24 11:31:58,122 - DEBUG - set_info_text设置信息错误->indicator2
2018-04-24 11:31:58,151 - DEBUG - set_info_text设置信息错误->main
2018-04-24 11:31:58,154 - DEBUG - set_info_text设置信息错误->indicator3
2018-04-24 11:31:58,154 - DEBUG - set_info_text设置信息错误->main
2018-04-24 11:31:58,154 - DEBUG - set_info_text设置信息错误->indicator3
2018-04-24 11:31:58,154 - DEBUG - set_info_text设置信息错误->indicator1
2018-04-24 11:31:58,154 - DEBUG - set_info_text设置信息错误->indicator2
2018-04-24 11:31:58,160 - DEBUG - set_info_text设置信息错误->main
2018-04-24 11:31:58,163 - DEBUG - set_info_text设置信息错误->indicator3
2018-04-24 11:31:58,163 - DEBUG - set_info_text设置信息错误->main
2018-04-24 11:31:58,163 - DEBUG - set_info_text设置信息错误->indicator3
2018-04-24 11:31:58,163 - DEBUG - set_info_text设置信息错误->indicator1
2018-04-24 11:31:58,164 - DEBUG - set_info_text设置信息错误->indicator2
2018-04-24 11:31:58,169 - DEBUG - set_info_text设置信息错误->main
2018-04-24 11:31:58,172 - DEBUG - set_info_text设置信息错误->indicator3
2018-04-24 11:31:58,172 - DEBUG - set_info_text设置信息错误->main
2018-04-24 11:31:58,172 - DEBUG - set_info_text设置信息错误->indicator3
2018-04-24 11:31:58,172 - DEBUG - set_info_text设置信息错误->indicator1
2018-04-24 11:31:58,172 - DEBUG - set_info_text设置信息错误->indicator2
2018-04-24 11:31:58,179 - DEBUG - set_info_text设置信息错误->main
2018-04-24 11:31:58,182 - DEBUG - set_info_text设置信息错误->indicator3
2018-04-24 11:31:58,182 - DEBUG - set_info_text设置信息错误->main
2018-04-24 11:31:58,182 - DEBUG - set_info_text设置信息错误->indicator3
2018-04-24 11:31:58,182 - DEBUG - set_info_text设置信息错误->indicator1
2018-04-24 11:31:58,183 - DEBUG - set_info_text设置信息错误->indicator2
2018-04-24 11:31:58,212 - DEBUG - set_info_text设置信息错误->main
2018-04-24 11:31:58,214 - DEBUG - set_info_text设置信息错误->indicator3
2018-04-24 11:31:58,214 - DEBUG - set_info_text设置信息错误->main
2018-04-24 11:31:58,214 - DEBUG - set_info_text设置信息错误->indicator3
2018-04-24 11:31:58,215 - DEBUG - set_info_text设置信息错误->indicator1
2018-04-24 11:31:58,215 - DEBUG - set_info_text设置信息错误->indicator2
2018-04-24 11:31:58,220 - DEBUG - set_info_text设置信息错误->main
2018-04-24 11:31:58,223 - DEBUG - set_info_text设置信息错误->indicator3
2018-04-24 11:31:58,223 - DEBUG - set_info_text设置信息错误->main
2018-04-24 11:31:58,224 - DEBUG - set_info_text设置信息错误->indicator3
2018-04-24 11:31:58,224 - DEBUG - set_info_text设置信息错误->indicator1
2018-04-24 11:31:58,224 - DEBUG - set_info_text设置信息错误->indicator2
2018-04-24 11:31:58,229 - DEBUG - set_info_text设置信息错误->main
2018-04-24 11:31:58,232 - DEBUG - set_info_text设置信息错误->indicator3
2018-04-24 11:31:58,232 - DEBUG - set_info_text设置信息错误->main
2018-04-24 11:31:58,232 - DEBUG - set_info_text设置信息错误->indicator3
2018-04-24 11:31:58,232 - DEBUG - set_info_text设置信息错误->indicator1
2018-04-24 11:31:58,232 - DEBUG - set_info_text设置信息错误->indicator2
2018-04-24 11:31:58,238 - DEBUG - set_info_text设置信息错误->main
2018-04-24 11:31:58,241 - DEBUG - set_info_text设置信息错误->indicator3
2018-04-24 11:31:58,241 - DEBUG - set_info_text设置信息错误->main
2018-04-24 11:31:58,241 - DEBUG - set_info_text设置信息错误->indicator3
2018-04-24 11:31:58,241 - DEBUG - set_info_text设置信息错误->indicator1
2018-04-24 11:31:58,242 - DEBUG - set_info_text设置信息错误->indicator2
2018-04-24 11:31:58,271 - DEBUG - set_info_text设置信息错误->main
2018-04-24 11:31:58,274 - DEBUG - set_info_text设置信息错误->indicator3
2018-04-24 11:31:58,274 - DEBUG - set_info_text设置信息错误->main
2018-04-24 11:31:58,274 - DEBUG - set_info_text设置信息错误->indicator3
2018-04-24 11:31:58,274 - DEBUG - set_info_text设置信息错误->indicator1
2018-04-24 11:31:58,274 - DEBUG - set_info_text设置信息错误->indicator2
2018-04-24 11:31:58,280 - DEBUG - set_info_text设置信息错误->main
2018-04-24 11:31:58,283 - DEBUG - set_info_text设置信息错误->indicator3
2018-04-24 11:31:58,283 - DEBUG - set_info_text设置信息错误->main
2018-04-24 11:31:58,283 - DEBUG - set_info_text设置信息错误->indicator3
2018-04-24 11:31:58,283 - DEBUG - set_info_text设置信息错误->indicator1
2018-04-24 11:31:58,283 - DEBUG - set_info_text设置信息错误->indicator2
2018-04-24 11:31:58,290 - DEBUG - set_info_text设置信息错误->main
2018-04-24 11:31:58,292 - DEBUG - set_info_text设置信息错误->indicator3
2018-04-24 11:31:58,293 - DEBUG - set_info_text设置信息错误->main
2018-04-24 11:31:58,293 - DEBUG - set_info_text设置信息错误->indicator3
2018-04-24 11:31:58,293 - DEBUG - set_info_text设置信息错误->indicator1
2018-04-24 11:31:58,293 - DEBUG - set_info_text设置信息错误->indicator2
2018-04-24 11:31:58,298 - DEBUG - set_info_text设置信息错误->main
2018-04-24 11:31:58,301 - DEBUG - set_info_text设置信息错误->indicator3
2018-04-24 11:31:58,301 - DEBUG - set_info_text设置信息错误->main
2018-04-24 11:31:58,301 - DEBUG - set_info_text设置信息错误->indicator3
2018-04-24 11:31:58,302 - DEBUG - set_info_text设置信息错误->indicator1
2018-04-24 11:31:58,302 - DEBUG - set_info_text设置信息错误->indicator2
2018-04-24 11:31:58,330 - DEBUG - set_info_text设置信息错误->main
2018-04-24 11:31:58,333 - DEBUG - set_info_text设置信息错误->indicator3
2018-04-24 11:31:58,333 - DEBUG - set_info_text设置信息错误->main
2018-04-24 11:31:58,333 - DEBUG - set_info_text设置信息错误->indicator3
2018-04-24 11:31:58,333 - DEBUG - set_info_text设置信息错误->indicator1
2018-04-24 11:31:58,333 - DEBUG - set_info_text设置信息错误->indicator2
2018-04-24 11:31:58,339 - DEBUG - set_info_text设置信息错误->main
2018-04-24 11:31:58,342 - DEBUG - set_info_text设置信息错误->indicator3
2018-04-24 11:31:58,342 - DEBUG - set_info_text设置信息错误->main
2018-04-24 11:31:58,342 - DEBUG - set_info_text设置信息错误->indicator3
2018-04-24 11:31:58,342 - DEBUG - set_info_text设置信息错误->indicator1
2018-04-24 11:31:58,342 - DEBUG - set_info_text设置信息错误->indicator2
2018-04-24 11:31:58,348 - DEBUG - set_info_text设置信息错误->main
2018-04-24 11:31:58,351 - DEBUG - set_info_text设置信息错误->indicator3
2018-04-24 11:31:58,351 - DEBUG - set_info_text设置信息错误->main
2018-04-24 11:31:58,351 - DEBUG - set_info_text设置信息错误->indicator3
2018-04-24 11:31:58,352 - DEBUG - set_info_text设置信息错误->indicator1
2018-04-24 11:31:58,352 - DEBUG - set_info_text设置信息错误->indicator2
2018-04-24 11:31:58,358 - DEBUG - set_info_text设置信息错误->main
2018-04-24 11:31:58,361 - DEBUG - set_info_text设置信息错误->indicator3
2018-04-24 11:31:58,361 - DEBUG - set_info_text设置信息错误->main
2018-04-24 11:31:58,361 - DEBUG - set_info_text设置信息错误->indicator3
2018-04-24 11:31:58,361 - DEBUG - set_info_text设置信息错误->indicator1
2018-04-24 11:31:58,361 - DEBUG - set_info_text设置信息错误->indicator2
2018-04-24 11:31:58,391 - DEBUG - set_info_text设置信息错误->main
2018-04-24 11:31:58,394 - DEBUG - set_info_text设置信息错误->indicator3
2018-04-24 11:31:58,394 - DEBUG - set_info_text设置信息错误->main
2018-04-24 11:31:58,394 - DEBUG - set_info_text设置信息错误->indicator3
2018-04-24 11:31:58,394 - DEBUG - set_info_text设置信息错误->indicator1
2018-04-24 11:31:58,394 - DEBUG - set_info_text设置信息错误->indicator2
2018-04-24 11:31:58,401 - DEBUG - set_info_text设置信息错误->main
2018-04-24 11:31:58,404 - DEBUG - set_info_text设置信息错误->indicator3
2018-04-24 11:31:58,404 - DEBUG - set_info_text设置信息错误->main
2018-04-24 11:31:58,404 - DEBUG - set_info_text设置信息错误->indicator3
2018-04-24 11:31:58,404 - DEBUG - set_info_text设置信息错误->indicator1
2018-04-24 11:31:58,404 - DEBUG - set_info_text设置信息错误->indicator2
2018-04-24 11:31:58,410 - DEBUG - set_info_text设置信息错误->main
2018-04-24 11:31:58,413 - DEBUG - set_info_text设置信息错误->indicator3
2018-04-24 11:31:58,413 - DEBUG - set_info_text设置信息错误->main
2018-04-24 11:31:58,413 - DEBUG - set_info_text设置信息错误->indicator3
2018-04-24 11:31:58,413 - DEBUG - set_info_text设置信息错误->indicator1
2018-04-24 11:31:58,413 - DEBUG - set_info_text设置信息错误->indicator2
2018-04-24 11:31:58,419 - DEBUG - set_info_text设置信息错误->main
2018-04-24 11:31:58,421 - DEBUG - set_info_text设置信息错误->indicator3
2018-04-24 11:31:58,421 - DEBUG - set_info_text设置信息错误->main
2018-04-24 11:31:58,422 - DEBUG - set_info_text设置信息错误->indicator3
2018-04-24 11:31:58,422 - DEBUG - set_info_text设置信息错误->indicator1
2018-04-24 11:31:58,422 - DEBUG - set_info_text设置信息错误->indicator2
2018-04-24 11:31:58,450 - DEBUG - set_info_text设置信息错误->main
2018-04-24 11:31:58,453 - DEBUG - set_info_text设置信息错误->indicator3
2018-04-24 11:31:58,453 - DEBUG - set_info_text设置信息错误->main
2018-04-24 11:31:58,453 - DEBUG - set_info_text设置信息错误->indicator3
2018-04-24 11:31:58,453 - DEBUG - set_info_text设置信息错误->indicator1
2018-04-24 11:31:58,454 - DEBUG - set_info_text设置信息错误->indicator2
2018-04-24 11:31:58,459 - DEBUG - set_info_text设置信息错误->main
2018-04-24 11:31:58,462 - DEBUG - set_info_text设置信息错误->indicator3
2018-04-24 11:31:58,462 - DEBUG - set_info_text设置信息错误->main
2018-04-24 11:31:58,462 - DEBUG - set_info_text设置信息错误->indicator3
2018-04-24 11:31:58,463 - DEBUG - set_info_text设置信息错误->indicator1
2018-04-24 11:31:58,463 - DEBUG - set_info_text设置信息错误->indicator2
2018-04-24 11:31:58,468 - DEBUG - set_info_text设置信息错误->main
2018-04-24 11:31:58,472 - DEBUG - set_info_text设置信息错误->indicator3
2018-04-24 11:31:58,472 - DEBUG - set_info_text设置信息错误->main
2018-04-24 11:31:58,472 - DEBUG - set_info_text设置信息错误->indicator3
2018-04-24 11:31:58,472 - DEBUG - set_info_text设置信息错误->indicator1
2018-04-24 11:31:58,472 - DEBUG - set_info_text设置信息错误->indicator2
2018-04-24 11:31:58,477 - DEBUG - set_info_text设置信息错误->main
2018-04-24 11:31:58,480 - DEBUG - set_info_text设置信息错误->indicator3
2018-04-24 11:31:58,480 - DEBUG - set_info_text设置信息错误->main
2018-04-24 11:31:58,480 - DEBUG - set_info_text设置信息错误->indicator3
2018-04-24 11:31:58,480 - DEBUG - set_info_text设置信息错误->indicator1
2018-04-24 11:31:58,481 - DEBUG - set_info_text设置信息错误->indicator2
2018-04-24 11:31:58,513 - DEBUG - set_info_text设置信息错误->main
2018-04-24 11:31:58,516 - DEBUG - set_info_text设置信息错误->indicator3
2018-04-24 11:31:58,516 - DEBUG - set_info_text设置信息错误->main
2018-04-24 11:31:58,516 - DEBUG - set_info_text设置信息错误->indicator3
2018-04-24 11:31:58,516 - DEBUG - set_info_text设置信息错误->indicator1
2018-04-24 11:31:58,516 - DEBUG - set_info_text设置信息错误->indicator2
2018-04-24 11:31:58,525 - DEBUG - set_info_text设置信息错误->main
2018-04-24 11:31:58,529 - DEBUG - set_info_text设置信息错误->indicator3
2018-04-24 11:31:58,529 - DEBUG - set_info_text设置信息错误->main
2018-04-24 11:31:58,529 - DEBUG - set_info_text设置信息错误->indicator3
2018-04-24 11:31:58,529 - DEBUG - set_info_text设置信息错误->indicator1
2018-04-24 11:31:58,529 - DEBUG - set_info_text设置信息错误->indicator2
2018-04-24 11:31:58,536 - DEBUG - set_info_text设置信息错误->main
2018-04-24 11:31:58,539 - DEBUG - set_info_text设置信息错误->indicator3
2018-04-24 11:31:58,540 - DEBUG - set_info_text设置信息错误->main
2018-04-24 11:31:58,540 - DEBUG - set_info_text设置信息错误->indicator3
2018-04-24 11:31:58,540 - DEBUG - set_info_text设置信息错误->indicator1
2018-04-24 11:31:58,540 - DEBUG - set_info_text设置信息错误->indicator2
2018-04-24 11:31:58,547 - DEBUG - set_info_text设置信息错误->main
2018-04-24 11:31:58,551 - DEBUG - set_info_text设置信息错误->indicator3
2018-04-24 11:31:58,551 - DEBUG - set_info_text设置信息错误->main
2018-04-24 11:31:58,551 - DEBUG - set_info_text设置信息错误->indicator3
2018-04-24 11:31:58,552 - DEBUG - set_info_text设置信息错误->indicator1
2018-04-24 11:31:58,552 - DEBUG - set_info_text设置信息错误->indicator2
2018-04-24 11:31:58,600 - DEBUG - set_info_text设置信息错误->main
2018-04-24 11:31:58,603 - DEBUG - set_info_text设置信息错误->indicator3
2018-04-24 11:31:58,603 - DEBUG - set_info_text设置信息错误->main
2018-04-24 11:31:58,603 - DEBUG - set_info_text设置信息错误->indicator3
2018-04-24 11:31:58,603 - DEBUG - set_info_text设置信息错误->indicator1
2018-04-24 11:31:58,603 - DEBUG - set_info_text设置信息错误->indicator2
2018-04-24 11:31:58,609 - DEBUG - set_info_text设置信息错误->main
2018-04-24 11:31:58,611 - DEBUG - set_info_text设置信息错误->indicator3
2018-04-24 11:31:58,611 - DEBUG - set_info_text设置信息错误->main
2018-04-24 11:31:58,612 - DEBUG - set_info_text设置信息错误->indicator3
2018-04-24 11:31:58,612 - DEBUG - set_info_text设置信息错误->indicator1
2018-04-24 11:31:58,612 - DEBUG - set_info_text设置信息错误->indicator2
2018-04-24 11:31:58,618 - DEBUG - set_info_text设置信息错误->main
2018-04-24 11:31:58,622 - DEBUG - set_info_text设置信息错误->indicator3
2018-04-24 11:31:58,622 - DEBUG - set_info_text设置信息错误->main
2018-04-24 11:31:58,622 - DEBUG - set_info_text设置信息错误->indicator3
2018-04-24 11:31:58,622 - DEBUG - set_info_text设置信息错误->indicator1
2018-04-24 11:31:58,622 - DEBUG - set_info_text设置信息错误->indicator2
2018-04-24 11:31:58,628 - DEBUG - set_info_text设置信息错误->main
2018-04-24 11:31:58,631 - DEBUG - set_info_text设置信息错误->indicator3
2018-04-24 11:31:58,631 - DEBUG - set_info_text设置信息错误->main
2018-04-24 11:31:58,631 - DEBUG - set_info_text设置信息错误->indicator3
2018-04-24 11:31:58,631 - DEBUG - set_info_text设置信息错误->indicator1
2018-04-24 11:31:58,631 - DEBUG - set_info_text设置信息错误->indicator2
2018-04-24 11:31:58,662 - DEBUG - set_info_text设置信息错误->main
2018-04-24 11:31:58,665 - DEBUG - set_info_text设置信息错误->indicator3
2018-04-24 11:31:58,665 - DEBUG - set_info_text设置信息错误->main
2018-04-24 11:31:58,665 - DEBUG - set_info_text设置信息错误->indicator3
2018-04-24 11:31:58,665 - DEBUG - set_info_text设置信息错误->indicator1
2018-04-24 11:31:58,665 - DEBUG - set_info_text设置信息错误->indicator2
2018-04-24 11:31:58,671 - DEBUG - set_info_text设置信息错误->main
2018-04-24 11:31:58,675 - DEBUG - set_info_text设置信息错误->indicator3
2018-04-24 11:31:58,675 - DEBUG - set_info_text设置信息错误->main
2018-04-24 11:31:58,675 - DEBUG - set_info_text设置信息错误->indicator3
2018-04-24 11:31:58,675 - DEBUG - set_info_text设置信息错误->indicator1
2018-04-24 11:31:58,675 - DEBUG - set_info_text设置信息错误->indicator2
2018-04-24 11:31:58,682 - DEBUG - set_info_text设置信息错误->main
2018-04-24 11:31:58,685 - DEBUG - set_info_text设置信息错误->indicator3
2018-04-24 11:31:58,685 - DEBUG - set_info_text设置信息错误->main
2018-04-24 11:31:58,685 - DEBUG - set_info_text设置信息错误->indicator3
2018-04-24 11:31:58,685 - DEBUG - set_info_text设置信息错误->indicator1
2018-04-24 11:31:58,685 - DEBUG - set_info_text设置信息错误->indicator2
2018-04-24 11:31:58,691 - DEBUG - set_info_text设置信息错误->main
2018-04-24 11:31:58,694 - DEBUG - set_info_text设置信息错误->indicator3
2018-04-24 11:31:58,694 - DEBUG - set_info_text设置信息错误->main
2018-04-24 11:31:58,694 - DEBUG - set_info_text设置信息错误->indicator3
2018-04-24 11:31:58,695 - DEBUG - set_info_text设置信息错误->indicator1
2018-04-24 11:31:58,695 - DEBUG - set_info_text设置信息错误->indicator2
